cycle	ab	db	rw	Fetch	pc	a	x	y	s	p	Execute	State	ir	tcstate	pd	adl	adh	sb	alu	alucin	alua	alub	alucout	aluvout	dasb
0	0000	20	1	JSR Abs	0000	aa	00	00	fd	nv‑BdIZc	BRK	T1	00	101111	00	00	00	ff	00	0	ff	00	0	0	ff
0	0000	20	1	JSR Abs	0000	aa	00	00	fd	nv‑BdIZc	BRK	T1	00	101111	20	01	00	ff	ff	0	ff	00	0	0	ff
1	0001	00	1		0001	aa	00	00	fd	nv‑BdIZc	JSR Abs	T2	20	110111	20	01	00	ff	ff	0	ff	ff	0	0	ff
1	0001	00	1		0001	aa	00	00	fd	nv‑BdIZc	JSR Abs	T2	20	110111	00	fd	01	ff	fe	0	ff	ff	1	0	ff
2	01fd	00	1		0002	aa	00	00	00	nv‑BdIZc	JSR Abs	T3	20	111011	00	fd	01	00	fe	0	00	fd	1	0	00
2	01fd	00	1		0002	aa	00	00	00	nv‑BdIZc	JSR Abs	T3	20	111011	00	fd	ff	ff	fd	0	00	fd	0	0	ff
3	01fd	00	0		0002	aa	00	00	00	nv‑BdIZc	JSR Abs	T4	20	111101	00	fd	ff	ff	fd	0	ff	fd	0	0	ff
3	01fd	00	0		0002	aa	00	00	00	nv‑BdIZc	JSR Abs	T4	20	111101	00	fc	ff	ff	fc	0	ff	fd	1	0	ff
4	01fc	00	0		0002	aa	00	00	00	nv‑BdIZc	JSR Abs	T5	20	111110	00	fc	ff	ff	fc	0	ff	fc	1	0	ff
4	01fc	02	0		0002	aa	00	00	00	nv‑BdIZc	JSR Abs	T5	20	111110	02	02	00	fb	fb	0	ff	fc	1	0	fb
5	0002	06	1		0002	aa	00	00	00	nv‑BdIZc	JSR Abs	T0	20	011111	02	02	00	fb	fb	0	fb	00	1	0	fb
5	0002	06	1		0002	aa	00	00	00	nv‑BdIZc	JSR Abs	T0	20	011111	06	00	ff	fb	fb	0	fb	00	0	0	fb
6	0600	a0	1	LDY #	0600	aa	00	00	fb	nv‑BdIZc	JSR Abs	T1	20	101111	06	00	06	fb	fb	0	00	06	0	0	fb
6	0600	a0	1	LDY #	0600	aa	00	00	fb	nv‑BdIZc	JSR Abs	T1	20	101111	a0	01	06	06	06	0	00	06	0	0	06
7	0601	00	1		0601	aa	00	00	fb	nv‑BdIZc	LDY #	T0+T2	a0	010111	a0	01	06	06	06	0	06	06	0	0	06
7	0601	00	1		0601	aa	00	00	fb	nv‑BdIZc	LDY #	T0+T2	a0	010111	00	02	06	ff	0c	0	06	06	0	0	ff
8	0602	a5	1	LDA zp	0602	aa	00	00	fb	nv‑BdIZc	LDY #	T1	a0	101111	00	02	06	00	0c	0	00	00	0	0	00
8	0602	a5	1	LDA zp	0602	aa	00	00	fb	nv‑BdIZc	LDY #	T1	a0	101111	a5	03	06	00	00	0	00	00	0	0	00
9	0603	fe	1		0603	aa	00	00	fb	nv‑BdIZc	LDA zp	T2	a5	110111	a5	03	06	00	00	0	00	00	0	0	00
9	0603	fe	1		0603	aa	00	00	fb	nv‑BdIZc	LDA zp	T2	a5	110111	fe	ff	00	ff	00	0	00	00	0	0	ff
10	00fe	00	1		0604	aa	00	00	fb	nv‑BdIZc	LDA zp	T0	a5	011111	fe	fe	00	ff	00	0	ff	fe	0	0	ff
10	00fe	00	1		0604	aa	00	00	fb	nv‑BdIZc	LDA zp	T0	a5	011111	00	04	06	ff	fd	0	ff	fe	1	0	ff
11	0604	aa	1	TAX	0604	00	00	00	fb	nv‑BdIZc	LDA zp	T1	a5	101111	00	04	06	00	fd	0	00	00	1	0	00
11	0604	aa	1	TAX	0604	00	00	00	fb	nv‑BdIZc	LDA zp	T1	a5	101111	aa	05	06	00	00	0	00	00	0	0	00
12	0605	a5	1		0605	00	00	00	fb	nv‑BdIZc	TAX	T0+T2	aa	010111	aa	05	06	00	00	0	00	00	0	0	00
12	0605	a5	1		0605	00	00	00	fb	nv‑BdIZc	TAX	T0+T2	aa	010111	a5	05	06	ff	00	0	00	00	0	0	ff
13	0605	a5	1	LDA zp	0605	00	00	00	fb	nv‑BdIZc	TAX	T1	aa	101111	a5	05	06	00	00	0	00	00	0	0	00
13	0605	a5	1	LDA zp	0605	00	00	00	fb	nv‑BdIZc	TAX	T1	aa	101111	a5	06	06	00	00	0	00	00	0	0	00
14	0606	ff	1		0606	00	00	00	fb	nv‑BdIZc	LDA zp	T2	a5	110111	a5	06	06	00	00	0	00	00	0	0	00
14	0606	ff	1		0606	00	00	00	fb	nv‑BdIZc	LDA zp	T2	a5	110111	ff	ff	00	ff	00	0	00	00	0	0	ff
15	00ff	00	1		0607	00	00	00	fb	nv‑BdIZc	LDA zp	T0	a5	011111	ff	ff	00	ff	00	0	ff	ff	0	0	ff
15	00ff	00	1		0607	00	00	00	fb	nv‑BdIZc	LDA zp	T0	a5	011111	00	07	06	ff	fe	0	ff	ff	1	0	ff
16	0607	48	1	PHA	0607	00	00	00	fb	nv‑BdIZc	LDA zp	T1	a5	101111	00	07	06	00	fe	0	00	00	1	0	00
16	0607	48	1	PHA	0607	00	00	00	fb	nv‑BdIZc	LDA zp	T1	a5	101111	48	08	06	00	00	0	00	00	0	0	00
17	0608	8d	1		0608	00	00	00	fb	nv‑BdIZc	PHA	T2	48	110111	48	08	06	00	00	0	00	00	0	0	00
17	0608	8d	1		0608	00	00	00	fb	nv‑BdIZc	PHA	T2	48	110111	8d	fb	01	ff	00	0	00	00	0	0	ff
18	01fb	8d	0		0608	00	00	00	fb	nv‑BdIZc	PHA	T0	48	011111	8d	fb	01	ff	00	0	ff	fb	0	0	ff
18	01fb	00	0		0608	00	00	00	fb	nv‑BdIZc	PHA	T0	48	011111	00	08	06	fa	fa	0	ff	fb	1	0	fa
19	0608	8d	1	STA Abs	0608	00	00	00	fa	nv‑BdIZc	PHA	T1	48	101111	00	08	06	fa	fa	0	00	00	1	0	fa
19	0608	8d	1	STA Abs	0608	00	00	00	fa	nv‑BdIZc	PHA	T1	48	101111	8d	09	06	00	00	0	00	00	0	0	00
20	0609	00	1		0609	00	00	00	fa	nv‑BdIZc	STA Abs	T2	8d	110111	8d	09	06	00	00	0	00	00	0	0	00
20	0609	00	1		0609	00	00	00	fa	nv‑BdIZc	STA Abs	T2	8d	110111	00	0a	06	ff	00	0	00	00	0	0	ff
21	060a	05	1		060a	00	00	00	fa	nv‑BdIZc	STA Abs	T3	8d	111011	00	0a	06	ff	00	0	00	00	0	0	ff
21	060a	05	1		060a	00	00	00	fa	nv‑BdIZc	STA Abs	T3	8d	111011	05	00	ff	ff	00	0	00	00	0	0	ff
22	0500	05	0		060b	00	00	00	fa	nv‑BdIZc	STA Abs	T0	8d	011111	05	00	05	ff	00	0	ff	00	0	0	ff
22	0500	00	0		060b	00	00	00	fa	nv‑BdIZc	STA Abs	T0	8d	011111	00	0b	06	ff	ff	0	ff	00	0	0	ff
23	060b	18	1	CLC	060b	00	00	00	fa	nv‑BdIZc	STA Abs	T1	8d	101111	00	0b	06	00	ff	0	00	00	0	0	00
23	060b	18	1	CLC	060b	00	00	00	fa	nv‑BdIZc	STA Abs	T1	8d	101111	18	0c	06	00	00	0	00	00	0	0	00